app/build/intermediates/manifest_merge_blame_file/debug/processDebugMainManifest/manifest-merger-blame-debug-report.txt
1<?xml version="1.0" encoding="utf-8"?>
2<manifest xmlns:android="http://schemas.android.com/apk/res/android"
3    package="com.example.taskappty"
4    android:versionCode="1"
5    android:versionName="1.0" >
6
7    <uses-sdk
8        android:minSdkVersion="24"
9        android:targetSdkVersion="34" />
10
11    <uses-permission android:name="android.permission.INTERNET" />
11-->src\main\AndroidManifest.xml:5:5-67
11-->src\main\AndroidManifest.xml:5:22-64
12
13    <queries>
13-->[com.github.dhaval2404:imagepicker:2.1] AndroidManifest.xml:9:5-19:15
14
15        <!-- Query Camera Packages -->
16        <intent>
16-->[com.github.dhaval2404:imagepicker:2.1] AndroidManifest.xml:12:9-14:18
17            <action android:name="android.media.action.IMAGE_CAPTURE" />
17-->[com.github.dhaval2404:imagepicker:2.1] AndroidManifest.xml:13:13-73
17-->[com.github.dhaval2404:imagepicker:2.1] AndroidManifest.xml:13:21-70
18        </intent>
19        <!-- Query Open Document -->
20        <intent>
20-->[com.github.dhaval2404:imagepicker:2.1] AndroidManifest.xml:16:9-18:18
21            <action android:name="android.intent.action.OPEN_DOCUMENT_TREE" />
21-->[com.github.dhaval2404:imagepicker:2.1] AndroidManifest.xml:17:13-79
21-->[com.github.dhaval2404:imagepicker:2.1] AndroidManifest.xml:17:21-76
22        </intent>
23    </queries>
24
25    <uses-permission android:name="android.permission.ACCESS_NETWORK_STATE" />
25-->[com.google.firebase:firebase-auth:22.3.1] AndroidManifest.xml:26:5-79
25-->[com.google.firebase:firebase-auth:22.3.1] AndroidManifest.xml:26:22-76
26    <uses-permission android:name="com.google.android.providers.gsf.permission.READ_GSERVICES" />
26-->[com.google.android.recaptcha:recaptcha:18.4.0] AndroidManifest.xml:9:5-98
26-->[com.google.android.recaptcha:recaptcha:18.4.0] AndroidManifest.xml:9:22-95
27
28    <permission
28-->[androidx.core:core:1.9.0] AndroidManifest.xml:22:5-24:47
29        android:name="com.example.taskappty.DYNAMIC_RECEIVER_NOT_EXPORTED_PERMISSION"
29-->[androidx.core:core:1.9.0] AndroidManifest.xml:23:9-81
30        android:protectionLevel="signature" />
30-->[androidx.core:core:1.9.0] AndroidManifest.xml:24:9-44
31
32    <uses-permission android:name="com.example.taskappty.DYNAMIC_RECEIVER_NOT_EXPORTED_PERMISSION" />
32-->[androidx.core:core:1.9.0] AndroidManifest.xml:26:5-97
32-->[androidx.core:core:1.9.0] AndroidManifest.xml:26:22-94
33
34    <application
34-->src\main\AndroidManifest.xml:7:5-80:19
35        android:allowBackup="true"
35-->src\main\AndroidManifest.xml:8:9-35
36        android:appComponentFactory="androidx.core.app.CoreComponentFactory"
36-->[androidx.core:core:1.9.0] AndroidManifest.xml:28:18-86
37        android:dataExtractionRules="@xml/data_extraction_rules"
37-->src\main\AndroidManifest.xml:9:9-65
38        android:debuggable="true"
39        android:extractNativeLibs="false"
40        android:fullBackupContent="@xml/backup_rules"
40-->src\main\AndroidManifest.xml:10:9-54
41        android:icon="@mipmap/ic_launcher"
41-->src\main\AndroidManifest.xml:11:9-43
42        android:label="@string/app_name"
42-->src\main\AndroidManifest.xml:12:9-41
43        android:roundIcon="@mipmap/ic_launcher_round"
43-->src\main\AndroidManifest.xml:13:9-54
44        android:supportsRtl="true"
44-->src\main\AndroidManifest.xml:14:9-35
45        android:testOnly="true"
46        android:theme="@style/Theme.TaskAppty" >
46-->src\main\AndroidManifest.xml:15:9-47
47        <activity
47-->src\main\AndroidManifest.xml:17:9-19:40
48            android:name="com.example.taskappty.AppointmentDetails"
48-->src\main\AndroidManifest.xml:18:13-47
49            android:exported="false" />
49-->src\main\AndroidManifest.xml:19:13-37
50        <activity
50-->src\main\AndroidManifest.xml:20:9-22:40
51            android:name="com.example.taskappty.confirmAppointment"
51-->src\main\AndroidManifest.xml:21:13-47
52            android:exported="false" />
52-->src\main\AndroidManifest.xml:22:13-37
53        <activity
53-->src\main\AndroidManifest.xml:23:9-25:40
54            android:name="com.example.taskappty.studentAppointment"
54-->src\main\AndroidManifest.xml:24:13-47
55            android:exported="false" />
55-->src\main\AndroidManifest.xml:25:13-37
56        <activity
56-->src\main\AndroidManifest.xml:26:9-28:40
57            android:name="com.example.taskappty.displayTimeGrid"
57-->src\main\AndroidManifest.xml:27:13-44
58            android:exported="false" />
58-->src\main\AndroidManifest.xml:28:13-37
59        <activity
59-->src\main\AndroidManifest.xml:29:9-31:40
60            android:name="com.example.taskappty.bookedAppointment"
60-->src\main\AndroidManifest.xml:30:13-46
61            android:exported="false" />
61-->src\main\AndroidManifest.xml:31:13-37
62        <activity
62-->src\main\AndroidManifest.xml:32:9-34:40
63            android:name="com.example.taskappty.createAppointment"
63-->src\main\AndroidManifest.xml:33:13-46
64            android:exported="false" />
64-->src\main\AndroidManifest.xml:34:13-37
65        <activity
65-->src\main\AndroidManifest.xml:35:9-37:40
66            android:name="com.example.taskappty.teacherAppointment"
66-->src\main\AndroidManifest.xml:36:13-47
67            android:exported="false" />
67-->src\main\AndroidManifest.xml:37:13-37
68        <activity
68-->src\main\AndroidManifest.xml:38:9-40:40
69            android:name="com.example.taskappty.viewTasks"
69-->src\main\AndroidManifest.xml:39:13-38
70            android:exported="false" />
70-->src\main\AndroidManifest.xml:40:13-37
71        <activity
71-->src\main\AndroidManifest.xml:41:9-43:40
72            android:name="com.example.taskappty.teacherProfile"
72-->src\main\AndroidManifest.xml:42:13-43
73            android:exported="false" />
73-->src\main\AndroidManifest.xml:43:13-37
74        <activity
74-->src\main\AndroidManifest.xml:44:9-46:40
75            android:name="com.example.taskappty.studentProfile"
75-->src\main\AndroidManifest.xml:45:13-43
76            android:exported="false" />
76-->src\main\AndroidManifest.xml:46:13-37
77        <activity
77-->src\main\AndroidManifest.xml:47:9-49:40
78            android:name="com.example.taskappty.doneTasks"
78-->src\main\AndroidManifest.xml:48:13-38
79            android:exported="false" />
79-->src\main\AndroidManifest.xml:49:13-37
80        <activity
80-->src\main\AndroidManifest.xml:50:9-52:40
81            android:name="com.example.taskappty.AddTask"
81-->src\main\AndroidManifest.xml:51:13-36
82            android:exported="false" />
82-->src\main\AndroidManifest.xml:52:13-37
83        <activity
83-->src\main\AndroidManifest.xml:53:9-55:40
84            android:name="com.example.taskappty.studentTask"
84-->src\main\AndroidManifest.xml:54:13-40
85            android:exported="false" />
85-->src\main\AndroidManifest.xml:55:13-37
86        <activity
86-->src\main\AndroidManifest.xml:56:9-58:40
87            android:name="com.example.taskappty.teacherTask"
87-->src\main\AndroidManifest.xml:57:13-40
88            android:exported="false" />
88-->src\main\AndroidManifest.xml:58:13-37
89        <activity
89-->src\main\AndroidManifest.xml:59:9-61:40
90            android:name="com.example.taskappty.teacherDash"
90-->src\main\AndroidManifest.xml:60:13-40
91            android:exported="false" />
91-->src\main\AndroidManifest.xml:61:13-37
92        <activity
92-->src\main\AndroidManifest.xml:62:9-64:40
93            android:name="com.example.taskappty.studentDash"
93-->src\main\AndroidManifest.xml:63:13-40
94            android:exported="false" />
94-->src\main\AndroidManifest.xml:64:13-37
95        <activity
95-->src\main\AndroidManifest.xml:65:9-67:40
96            android:name="com.example.taskappty.registerActivity"
96-->src\main\AndroidManifest.xml:66:13-45
97            android:exported="false" />
97-->src\main\AndroidManifest.xml:67:13-37
98        <activity
98-->src\main\AndroidManifest.xml:68:9-70:40
99            android:name="com.example.taskappty.loginActivity"
99-->src\main\AndroidManifest.xml:69:13-42
100            android:exported="false" />
100-->src\main\AndroidManifest.xml:70:13-37
101        <activity
101-->src\main\AndroidManifest.xml:71:9-79:20
102            android:name="com.example.taskappty.splashScreen"
102-->src\main\AndroidManifest.xml:72:13-41
103            android:exported="true" >
103-->src\main\AndroidManifest.xml:73:13-36
104            <intent-filter>
104-->src\main\AndroidManifest.xml:74:13-78:29
105                <action android:name="android.intent.action.MAIN" />
105-->src\main\AndroidManifest.xml:75:17-69
105-->src\main\AndroidManifest.xml:75:25-66
106
107                <category android:name="android.intent.category.LAUNCHER" />
107-->src\main\AndroidManifest.xml:77:17-77
107-->src\main\AndroidManifest.xml:77:27-74
108            </intent-filter>
109        </activity>
110        <activity
110-->[com.github.dhaval2404:imagepicker:2.1] AndroidManifest.xml:22:9-25:68
111            android:name="com.github.dhaval2404.imagepicker.ImagePickerActivity"
111-->[com.github.dhaval2404:imagepicker:2.1] AndroidManifest.xml:23:13-81
112            android:screenOrientation="unspecified"
112-->[com.github.dhaval2404:imagepicker:2.1] AndroidManifest.xml:24:13-52
113            android:theme="@style/Theme.Transparent.ImagePicker" />
113-->[com.github.dhaval2404:imagepicker:2.1] AndroidManifest.xml:25:13-65
114        <activity
114-->[com.github.dhaval2404:imagepicker:2.1] AndroidManifest.xml:26:9-29:72
115            android:name="com.yalantis.ucrop.UCropActivity"
115-->[com.github.dhaval2404:imagepicker:2.1] AndroidManifest.xml:27:13-60
116            android:screenOrientation="portrait"
116-->[com.github.dhaval2404:imagepicker:2.1] AndroidManifest.xml:28:13-49
117            android:theme="@style/Theme.AppCompat.Light.NoActionBar" />
117-->[com.github.dhaval2404:imagepicker:2.1] AndroidManifest.xml:29:13-69
118
119        <provider
119-->[com.github.dhaval2404:imagepicker:2.1] AndroidManifest.xml:31:9-39:20
120            android:name="com.github.dhaval2404.imagepicker.ImagePickerFileProvider"
120-->[com.github.dhaval2404:imagepicker:2.1] AndroidManifest.xml:32:13-85
121            android:authorities="com.example.taskappty.imagepicker.provider"
121-->[com.github.dhaval2404:imagepicker:2.1] AndroidManifest.xml:33:13-72
122            android:exported="false"
122-->[com.github.dhaval2404:imagepicker:2.1] AndroidManifest.xml:34:13-37
123            android:grantUriPermissions="true" >
123-->[com.github.dhaval2404:imagepicker:2.1] AndroidManifest.xml:35:13-47
124            <meta-data
124-->[com.github.dhaval2404:imagepicker:2.1] AndroidManifest.xml:36:13-38:71
125                android:name="android.support.FILE_PROVIDER_PATHS"
125-->[com.github.dhaval2404:imagepicker:2.1] AndroidManifest.xml:37:17-67
126                android:resource="@xml/image_picker_provider_paths" />
126-->[com.github.dhaval2404:imagepicker:2.1] AndroidManifest.xml:38:17-68
127        </provider>
128
129        <activity
129-->[com.google.firebase:firebase-auth:22.3.1] AndroidManifest.xml:29:9-46:20
130            android:name="com.google.firebase.auth.internal.GenericIdpActivity"
130-->[com.google.firebase:firebase-auth:22.3.1] AndroidManifest.xml:30:13-80
131            android:excludeFromRecents="true"
131-->[com.google.firebase:firebase-auth:22.3.1] AndroidManifest.xml:31:13-46
132            android:exported="true"
132-->[com.google.firebase:firebase-auth:22.3.1] AndroidManifest.xml:32:13-36
133            android:launchMode="singleTask"
133-->[com.google.firebase:firebase-auth:22.3.1] AndroidManifest.xml:33:13-44
134            android:theme="@android:style/Theme.Translucent.NoTitleBar" >
134-->[com.google.firebase:firebase-auth:22.3.1] AndroidManifest.xml:34:13-72
135            <intent-filter>
135-->[com.google.firebase:firebase-auth:22.3.1] AndroidManifest.xml:35:13-45:29
136                <action android:name="android.intent.action.VIEW" />
136-->[com.google.firebase:firebase-auth:22.3.1] AndroidManifest.xml:36:17-69
136-->[com.google.firebase:firebase-auth:22.3.1] AndroidManifest.xml:36:25-66
137
138                <category android:name="android.intent.category.DEFAULT" />
138-->[com.google.firebase:firebase-auth:22.3.1] AndroidManifest.xml:38:17-76
138-->[com.google.firebase:firebase-auth:22.3.1] AndroidManifest.xml:38:27-73
139                <category android:name="android.intent.category.BROWSABLE" />
139-->[com.google.firebase:firebase-auth:22.3.1] AndroidManifest.xml:39:17-78
139-->[com.google.firebase:firebase-auth:22.3.1] AndroidManifest.xml:39:27-75
140
141                <data
141-->[com.google.firebase:firebase-auth:22.3.1] AndroidManifest.xml:41:17-44:51
142                    android:host="firebase.auth"
142-->[com.google.firebase:firebase-auth:22.3.1] AndroidManifest.xml:42:21-49
143                    android:path="/"
143-->[com.google.firebase:firebase-auth:22.3.1] AndroidManifest.xml:43:21-37
144                    android:scheme="genericidp" />
144-->[com.google.firebase:firebase-auth:22.3.1] AndroidManifest.xml:44:21-48
145            </intent-filter>
146        </activity>
147        <activity
147-->[com.google.firebase:firebase-auth:22.3.1] AndroidManifest.xml:47:9-64:20
148            android:name="com.google.firebase.auth.internal.RecaptchaActivity"
148-->[com.google.firebase:firebase-auth:22.3.1] AndroidManifest.xml:48:13-79
149            android:excludeFromRecents="true"
149-->[com.google.firebase:firebase-auth:22.3.1] AndroidManifest.xml:49:13-46
150            android:exported="true"
150-->[com.google.firebase:firebase-auth:22.3.1] AndroidManifest.xml:50:13-36
151            android:launchMode="singleTask"
151-->[com.google.firebase:firebase-auth:22.3.1] AndroidManifest.xml:51:13-44
152            android:theme="@android:style/Theme.Translucent.NoTitleBar" >
152-->[com.google.firebase:firebase-auth:22.3.1] AndroidManifest.xml:52:13-72
153            <intent-filter>
153-->[com.google.firebase:firebase-auth:22.3.1] AndroidManifest.xml:53:13-63:29
154                <action android:name="android.intent.action.VIEW" />
154-->[com.google.firebase:firebase-auth:22.3.1] AndroidManifest.xml:36:17-69
154-->[com.google.firebase:firebase-auth:22.3.1] AndroidManifest.xml:36:25-66
155
156                <category android:name="android.intent.category.DEFAULT" />
156-->[com.google.firebase:firebase-auth:22.3.1] AndroidManifest.xml:38:17-76
156-->[com.google.firebase:firebase-auth:22.3.1] AndroidManifest.xml:38:27-73
157                <category android:name="android.intent.category.BROWSABLE" />
157-->[com.google.firebase:firebase-auth:22.3.1] AndroidManifest.xml:39:17-78
157-->[com.google.firebase:firebase-auth:22.3.1] AndroidManifest.xml:39:27-75
158
159                <data
159-->[com.google.firebase:firebase-auth:22.3.1] AndroidManifest.xml:41:17-44:51
160                    android:host="firebase.auth"
160-->[com.google.firebase:firebase-auth:22.3.1] AndroidManifest.xml:42:21-49
161                    android:path="/"
161-->[com.google.firebase:firebase-auth:22.3.1] AndroidManifest.xml:43:21-37
162                    android:scheme="recaptcha" />
162-->[com.google.firebase:firebase-auth:22.3.1] AndroidManifest.xml:44:21-48
163            </intent-filter>
164        </activity>
165
166        <service
166-->[com.google.firebase:firebase-auth:22.3.1] AndroidManifest.xml:66:9-72:19
167            android:name="com.google.firebase.components.ComponentDiscoveryService"
167-->[com.google.firebase:firebase-auth:22.3.1] AndroidManifest.xml:67:13-84
168            android:directBootAware="true"
168-->[com.google.firebase:firebase-common:20.4.2] AndroidManifest.xml:32:13-43
169            android:exported="false" >
169-->[com.google.firebase:firebase-auth:22.3.1] AndroidManifest.xml:68:13-37
170            <meta-data
170-->[com.google.firebase:firebase-auth:22.3.1] AndroidManifest.xml:69:13-71:85
171                android:name="com.google.firebase.components:com.google.firebase.auth.FirebaseAuthRegistrar"
171-->[com.google.firebase:firebase-auth:22.3.1] AndroidManifest.xml:70:17-109
172                android:value="com.google.firebase.components.ComponentRegistrar" />
172-->[com.google.firebase:firebase-auth:22.3.1] AndroidManifest.xml:71:17-82
173            <meta-data
173-->[com.google.firebase:firebase-firestore:24.10.3] AndroidManifest.xml:17:13-19:85
174                android:name="com.google.firebase.components:com.google.firebase.firestore.FirebaseFirestoreKtxRegistrar"
174-->[com.google.firebase:firebase-firestore:24.10.3] AndroidManifest.xml:18:17-122
175                android:value="com.google.firebase.components.ComponentRegistrar" />
175-->[com.google.firebase:firebase-firestore:24.10.3] AndroidManifest.xml:19:17-82
176            <meta-data
176-->[com.google.firebase:firebase-firestore:24.10.3] AndroidManifest.xml:20:13-22:85
177                android:name="com.google.firebase.components:com.google.firebase.firestore.FirestoreRegistrar"
177-->[com.google.firebase:firebase-firestore:24.10.3] AndroidManifest.xml:21:17-111
178                android:value="com.google.firebase.components.ComponentRegistrar" />
178-->[com.google.firebase:firebase-firestore:24.10.3] AndroidManifest.xml:22:17-82
179            <meta-data
179-->[com.google.firebase:firebase-storage:20.3.0] AndroidManifest.xml:30:13-32:85
180                android:name="com.google.firebase.components:com.google.firebase.storage.FirebaseStorageKtxRegistrar"
180-->[com.google.firebase:firebase-storage:20.3.0] AndroidManifest.xml:31:17-118
181                android:value="com.google.firebase.components.ComponentRegistrar" />
181-->[com.google.firebase:firebase-storage:20.3.0] AndroidManifest.xml:32:17-82
182            <meta-data
182-->[com.google.firebase:firebase-storage:20.3.0] AndroidManifest.xml:33:13-35:85
183                android:name="com.google.firebase.components:com.google.firebase.storage.StorageRegistrar"
183-->[com.google.firebase:firebase-storage:20.3.0] AndroidManifest.xml:34:17-107
184                android:value="com.google.firebase.components.ComponentRegistrar" />
184-->[com.google.firebase:firebase-storage:20.3.0] AndroidManifest.xml:35:17-82
185            <meta-data
185-->[com.google.firebase:firebase-appcheck:17.1.0] AndroidManifest.xml:25:13-27:85
186                android:name="com.google.firebase.components:com.google.firebase.appcheck.FirebaseAppCheckKtxRegistrar"
186-->[com.google.firebase:firebase-appcheck:17.1.0] AndroidManifest.xml:26:17-120
187                android:value="com.google.firebase.components.ComponentRegistrar" />
187-->[com.google.firebase:firebase-appcheck:17.1.0] AndroidManifest.xml:27:17-82
188            <meta-data
188-->[com.google.firebase:firebase-appcheck:17.1.0] AndroidManifest.xml:28:13-30:85
189                android:name="com.google.firebase.components:com.google.firebase.appcheck.FirebaseAppCheckRegistrar"
189-->[com.google.firebase:firebase-appcheck:17.1.0] AndroidManifest.xml:29:17-117
190                android:value="com.google.firebase.components.ComponentRegistrar" />
190-->[com.google.firebase:firebase-appcheck:17.1.0] AndroidManifest.xml:30:17-82
191            <meta-data
191-->[com.google.firebase:firebase-common-ktx:20.4.2] AndroidManifest.xml:12:13-14:85
192                android:name="com.google.firebase.components:com.google.firebase.ktx.FirebaseCommonLegacyRegistrar"
192-->[com.google.firebase:firebase-common-ktx:20.4.2] AndroidManifest.xml:13:17-116
193                android:value="com.google.firebase.components.ComponentRegistrar" />
193-->[com.google.firebase:firebase-common-ktx:20.4.2] AndroidManifest.xml:14:17-82
194            <meta-data
194-->[com.google.firebase:firebase-common:20.4.2] AndroidManifest.xml:35:13-37:85
195                android:name="com.google.firebase.components:com.google.firebase.FirebaseCommonKtxRegistrar"
195-->[com.google.firebase:firebase-common:20.4.2] AndroidManifest.xml:36:17-109
196                android:value="com.google.firebase.components.ComponentRegistrar" />
196-->[com.google.firebase:firebase-common:20.4.2] AndroidManifest.xml:37:17-82
197        </service>
198
199        <provider
199-->[com.google.firebase:firebase-common:20.4.2] AndroidManifest.xml:23:9-28:39
200            android:name="com.google.firebase.provider.FirebaseInitProvider"
200-->[com.google.firebase:firebase-common:20.4.2] AndroidManifest.xml:24:13-77
201            android:authorities="com.example.taskappty.firebaseinitprovider"
201-->[com.google.firebase:firebase-common:20.4.2] AndroidManifest.xml:25:13-72
202            android:directBootAware="true"
202-->[com.google.firebase:firebase-common:20.4.2] AndroidManifest.xml:26:13-43
203            android:exported="false"
203-->[com.google.firebase:firebase-common:20.4.2] AndroidManifest.xml:27:13-37
204            android:initOrder="100" />
204-->[com.google.firebase:firebase-common:20.4.2] AndroidManifest.xml:28:13-36
205
206        <activity
206-->[com.google.android.gms:play-services-base:18.0.1] AndroidManifest.xml:20:9-22:45
207            android:name="com.google.android.gms.common.api.GoogleApiActivity"
207-->[com.google.android.gms:play-services-base:18.0.1] AndroidManifest.xml:20:19-85
208            android:exported="false"
208-->[com.google.android.gms:play-services-base:18.0.1] AndroidManifest.xml:22:19-43
209            android:theme="@android:style/Theme.Translucent.NoTitleBar" />
209-->[com.google.android.gms:play-services-base:18.0.1] AndroidManifest.xml:21:19-78
210
211        <provider
211-->[androidx.emoji2:emoji2:1.2.0] AndroidManifest.xml:24:9-32:20
212            android:name="androidx.startup.InitializationProvider"
212-->[androidx.emoji2:emoji2:1.2.0] AndroidManifest.xml:25:13-67
213            android:authorities="com.example.taskappty.androidx-startup"
213-->[androidx.emoji2:emoji2:1.2.0] AndroidManifest.xml:26:13-68
214            android:exported="false" >
214-->[androidx.emoji2:emoji2:1.2.0] AndroidManifest.xml:27:13-37
215            <meta-data
215-->[androidx.emoji2:emoji2:1.2.0] AndroidManifest.xml:29:13-31:52
216                android:name="androidx.emoji2.text.EmojiCompatInitializer"
216-->[androidx.emoji2:emoji2:1.2.0] AndroidManifest.xml:30:17-75
217                android:value="androidx.startup" />
217-->[androidx.emoji2:emoji2:1.2.0] AndroidManifest.xml:31:17-49
218            <meta-data
218-->[androidx.lifecycle:lifecycle-process:2.6.1] AndroidManifest.xml:29:13-31:52
219                android:name="androidx.lifecycle.ProcessLifecycleInitializer"
219-->[androidx.lifecycle:lifecycle-process:2.6.1] AndroidManifest.xml:30:17-78
220                android:value="androidx.startup" />
220-->[androidx.lifecycle:lifecycle-process:2.6.1] AndroidManifest.xml:31:17-49
221            <meta-data
221-->[androidx.profileinstaller:profileinstaller:1.3.0] AndroidManifest.xml:29:13-31:52
222                android:name="androidx.profileinstaller.ProfileInstallerInitializer"
222-->[androidx.profileinstaller:profileinstaller:1.3.0] AndroidManifest.xml:30:17-85
223                android:value="androidx.startup" />
223-->[androidx.profileinstaller:profileinstaller:1.3.0] AndroidManifest.xml:31:17-49
224        </provider>
225
226        <meta-data
226-->[com.google.android.gms:play-services-basement:18.1.0] AndroidManifest.xml:21:9-23:69
227            android:name="com.google.android.gms.version"
227-->[com.google.android.gms:play-services-basement:18.1.0] AndroidManifest.xml:22:13-58
228            android:value="@integer/google_play_services_version" />
228-->[com.google.android.gms:play-services-basement:18.1.0] AndroidManifest.xml:23:13-66
229
230        <receiver
230-->[androidx.profileinstaller:profileinstaller:1.3.0] AndroidManifest.xml:34:9-52:20
231            android:name="androidx.profileinstaller.ProfileInstallReceiver"
231-->[androidx.profileinstaller:profileinstaller:1.3.0] AndroidManifest.xml:35:13-76
232            android:directBootAware="false"
232-->[androidx.profileinstaller:profileinstaller:1.3.0] AndroidManifest.xml:36:13-44
233            android:enabled="true"
233-->[androidx.profileinstaller:profileinstaller:1.3.0] AndroidManifest.xml:37:13-35
234            android:exported="true"
234-->[androidx.profileinstaller:profileinstaller:1.3.0] AndroidManifest.xml:38:13-36
235            android:permission="android.permission.DUMP" >
235-->[androidx.profileinstaller:profileinstaller:1.3.0] AndroidManifest.xml:39:13-57
236            <intent-filter>
236-->[androidx.profileinstaller:profileinstaller:1.3.0] AndroidManifest.xml:40:13-42:29
237                <action android:name="androidx.profileinstaller.action.INSTALL_PROFILE" />
237-->[androidx.profileinstaller:profileinstaller:1.3.0] AndroidManifest.xml:41:17-91
237-->[androidx.profileinstaller:profileinstaller:1.3.0] AndroidManifest.xml:41:25-88
238            </intent-filter>
239            <intent-filter>
239-->[androidx.profileinstaller:profileinstaller:1.3.0] AndroidManifest.xml:43:13-45:29
240                <action android:name="androidx.profileinstaller.action.SKIP_FILE" />
240-->[androidx.profileinstaller:profileinstaller:1.3.0] AndroidManifest.xml:44:17-85
240-->[androidx.profileinstaller:profileinstaller:1.3.0] AndroidManifest.xml:44:25-82
241            </intent-filter>
242            <intent-filter>
242-->[androidx.profileinstaller:profileinstaller:1.3.0] AndroidManifest.xml:46:13-48:29
243                <action android:name="androidx.profileinstaller.action.SAVE_PROFILE" />
243-->[androidx.profileinstaller:profileinstaller:1.3.0] AndroidManifest.xml:47:17-88
243-->[androidx.profileinstaller:profileinstaller:1.3.0] AndroidManifest.xml:47:25-85
244            </intent-filter>
245            <intent-filter>
245-->[androidx.profileinstaller:profileinstaller:1.3.0] AndroidManifest.xml:49:13-51:29
246                <action android:name="androidx.profileinstaller.action.BENCHMARK_OPERATION" />
246-->[androidx.profileinstaller:profileinstaller:1.3.0] AndroidManifest.xml:50:17-95
246-->[androidx.profileinstaller:profileinstaller:1.3.0] AndroidManifest.xml:50:25-92
247            </intent-filter>
248        </receiver>
249    </application>
250
251</manifest>